<?xml version="1.0" encoding="UTF-8"?>
<testng-results ignored="0" total="2" passed="2" failed="0" skipped="0">
  <reporter-output>
  </reporter-output>
  <suite started-at="2025-05-26T19:33:19 IST" name="Suite" finished-at="2025-05-26T19:33:55 IST" duration-ms="35486">
    <groups>
    </groups>
    <test started-at="2025-05-26T19:33:19 IST" name="Test1" finished-at="2025-05-26T19:33:55 IST" duration-ms="35486">
      <class name="com.naukri.testclasses.TC_ProfilePageTest">
        <test-method is-config="true" signature="launchDriver()[pri:0, instance:com.naukri.testclasses.TC_ProfilePageTest@7ec7ffd3]" started-at="2025-05-26T19:33:19 IST" name="launchDriver" finished-at="2025-05-26T19:33:29 IST" duration-ms="9583" status="PASS">
          <reporter-output>
          </reporter-output>
        </test-method> <!-- launchDriver -->
        <test-method is-config="true" signature="login()[pri:0, instance:com.naukri.testclasses.TC_ProfilePageTest@7ec7ffd3]" started-at="2025-05-26T19:33:29 IST" name="login" finished-at="2025-05-26T19:33:30 IST" duration-ms="900" status="PASS">
          <reporter-output>
          </reporter-output>
        </test-method> <!-- login -->
        <test-method signature="updateCareerProfile()[pri:0, instance:com.naukri.testclasses.TC_ProfilePageTest@7ec7ffd3]" started-at="2025-05-26T19:33:30 IST" name="updateCareerProfile" finished-at="2025-05-26T19:33:40 IST" duration-ms="10208" status="PASS">
          <reporter-output>
          </reporter-output>
        </test-method> <!-- updateCareerProfile -->
        <test-method is-config="true" signature="logout()[pri:0, instance:com.naukri.testclasses.TC_ProfilePageTest@7ec7ffd3]" started-at="2025-05-26T19:33:40 IST" name="logout" finished-at="2025-05-26T19:33:42 IST" duration-ms="2543" status="PASS">
          <reporter-output>
          </reporter-output>
        </test-method> <!-- logout -->
        <test-method is-config="true" signature="login()[pri:0, instance:com.naukri.testclasses.TC_ProfilePageTest@7ec7ffd3]" started-at="2025-05-26T19:33:42 IST" name="login" finished-at="2025-05-26T19:33:43 IST" duration-ms="696" status="PASS">
          <reporter-output>
          </reporter-output>
        </test-method> <!-- login -->
        <test-method signature="updateResume(java.lang.String)[pri:1, instance:com.naukri.testclasses.TC_ProfilePageTest@7ec7ffd3]" started-at="2025-05-26T19:33:43 IST" name="updateResume" finished-at="2025-05-26T19:33:51 IST" duration-ms="8422" status="PASS">
          <params>
            <param index="0">
              <value>
                <![CDATA[resumes/Suraj-Lengare-Resume_Automation.pdf]]>
              </value>
            </param>
          </params>
          <reporter-output>
          </reporter-output>
        </test-method> <!-- updateResume -->
        <test-method is-config="true" signature="logout()[pri:0, instance:com.naukri.testclasses.TC_ProfilePageTest@7ec7ffd3]" started-at="2025-05-26T19:33:51 IST" name="logout" finished-at="2025-05-26T19:33:54 IST" duration-ms="2520" status="PASS">
          <reporter-output>
          </reporter-output>
        </test-method> <!-- logout -->
        <test-method is-config="true" signature="quitDriver()[pri:0, instance:com.naukri.testclasses.TC_ProfilePageTest@7ec7ffd3]" started-at="2025-05-26T19:33:54 IST" name="quitDriver" finished-at="2025-05-26T19:33:55 IST" duration-ms="572" status="PASS">
          <reporter-output>
          </reporter-output>
        </test-method> <!-- quitDriver -->
      </class> <!-- com.naukri.testclasses.TC_ProfilePageTest -->
    </test> <!-- Test1 -->
  </suite> <!-- Suite -->
</testng-results>
